
[1/19] rent / 万龙体验中心 (wanlong)
  
  写入 D:/snowmeet/snowmeet_ai_doc/wanlong_rent_orders_fy_2025-05-01_2026-04-30.xlsx
  文件大小: 1119.1 KB

[2/19] rent / 崇礼旗舰店 (chongli)
  
  写入 D:/snowmeet/snowmeet_ai_doc/chongli_rent_orders_fy_2025-05-01_2026-04-30.xlsx
  文件大小: 91.0 KB

[3/19] rent / 南山 (nanshan)
  
  写入 D:/snowmeet/snowmeet_ai_doc/nanshan_rent_orders_fy_2025-05-01_2026-04-30.xlsx
  文件大小: 105.1 KB

[4/19] rent / 怀北 (huaibei)
  
  写入 D:/snowmeet/snowmeet_ai_doc/huaibei_rent_orders_fy_2025-05-01_2026-04-30.xlsx
  文件大小: 12.5 KB

[5/19] rent / 渔阳 (yuyang)
  
  写入 D:/snowmeet/snowmeet_ai_doc/yuyang_rent_orders_fy_2025-05-01_2026-04-30.xlsx
  文件大小: 18.2 KB

[6/19] retail / 万龙体验中心 (wanlong)
  
  写入 D:/snowmeet/snowmeet_ai_doc/wanlong_retail_orders_fy_2025-05-01_2026-04-30.xlsx
  文件大小: 62.2 KB

[7/19] retail / 万龙服务中心 (wanlong_service)
  
  写入 D:/snowmeet/snowmeet_ai_doc/wanlong_service_retail_orders_fy_2025-05-01_2026-04-30.xlsx
  文件大小: 16.9 KB

[8/19] retail / 崇礼旗舰店 (chongli)
  
  写入 D:/snowmeet/snowmeet_ai_doc/chongli_retail_orders_fy_2025-05-01_2026-04-30.xlsx
  文件大小: 80.7 KB

[9/19] retail / 南山 (nanshan)
  
  写入 D:/snowmeet/snowmeet_ai_doc/nanshan_retail_orders_fy_2025-05-01_2026-04-30.xlsx
  文件大小: 156.9 KB

[10/19] retail / 总部 (headquarters)
  
  写入 D:/snowmeet/snowmeet_ai_doc/headquarters_retail_orders_fy_2025-05-01_2026-04-30.xlsx
  文件大小: 20.1 KB

[11/19] retail / 怀北 (huaibei)
  
  写入 D:/snowmeet/snowmeet_ai_doc/huaibei_retail_orders_fy_2025-05-01_2026-04-30.xlsx
  文件大小: 9.5 KB

[12/19] retail / 渔阳 (yuyang)
  
  写入 D:/snowmeet/snowmeet_ai_doc/yuyang_retail_orders_fy_2025-05-01_2026-04-30.xlsx
  文件大小: 11.2 KB

[13/19] ski_pass / 崇礼旗舰店 (chongli)
  
  写入 D:/snowmeet/snowmeet_ai_doc/chongli_ski_pass_orders_fy_2025-05-01_2026-04-30.xlsx
  文件大小: 211.7 KB

[14/19] ski_pass / 南山 (nanshan)
  
  写入 D:/snowmeet/snowmeet_ai_doc/nanshan_ski_pass_orders_fy_2025-05-01_2026-04-30.xlsx
  文件大小: 266.8 KB

[15/19] care / 万龙服务中心 (wanlong_service)
  
  写入 D:/snowmeet/snowmeet_ai_doc/wanlong_service_care_orders_fy_2025-05-01_2026-04-30.xlsx
  文件大小: 1407.3 KB

[16/19] care / 崇礼旗舰店 (chongli)
  
  写入 D:/snowmeet/snowmeet_ai_doc/chongli_care_orders_fy_2025-05-01_2026-04-30.xlsx
  文件大小: 16.1 KB

[17/19] care / 南山 (nanshan)
  
  写入 D:/snowmeet/snowmeet_ai_doc/nanshan_care_orders_fy_2025-05-01_2026-04-30.xlsx
  文件大小: 31.7 KB

[18/19] care / 怀北 (huaibei)
  
  写入 D:/snowmeet/snowmeet_ai_doc/huaibei_care_orders_fy_2025-05-01_2026-04-30.xlsx
  文件大小: 8.7 KB

[19/19] care / 渔阳 (yuyang)
  
  写入 D:/snowmeet/snowmeet_ai_doc/yuyang_care_orders_fy_2025-05-01_2026-04-30.xlsx
  文件大小: 7.8 KB

=== DONE; failed: 0
